<?xml version="1.0" encoding="UTF-8"?>
<testsuite xmlns:xsi="http://www.w3.org/2001/XMLSchema-instance" xsi:noNamespaceSchemaLocation="https://maven.apache.org/surefire/maven-surefire-plugin/xsd/surefire-test-report.xsd" version="3.0.2" name="com.tuyou.service.impl.CartServiceImplTest" time="1.927" tests="8" errors="0" skipped="0" failures="0">
  <properties>
[...]
</properties>
  <testcase name="addNew" classname="com.tuyou.service.impl.CartServiceImplTest" time="1.833"/>
  <testcase name="listOk" classname="com.tuyou.service.impl.CartServiceImplTest" time="0.037"/>
  <testcase name="addOverLimit" classname="com.tuyou.service.impl.CartServiceImplTest" time="0.019"/>
  <testcase name="updateQuantityForbidden" classname="com.tuyou.service.impl.CartServiceImplTest" time="0.007"/>
  <testcase name="addExistingAccumulate" classname="com.tuyou.service.impl.CartServiceImplTest" time="0.0"/>
  <testcase name="deleteOwnership" classname="com.tuyou.service.impl.CartServiceImplTest" time="0.015"/>
  <testcase name="addSkuNotFound" classname="com.tuyou.service.impl.CartServiceImplTest" time="0.012"/>
  <testcase name="updateQuantityOkAndInvalid" classname="com.tuyou.service.impl.CartServiceImplTest" time="0.004"/>
</testsuite>